Connecting to database specified by database.yml
Connecting to database specified by database.yml
Connecting to database specified by database.yml
  [1m[36m (0.1ms)[0m  [1mselect sqlite_version(*)[0m
  [1m[35m (136.5ms)[0m  CREATE TABLE "schema_migrations" ("version" varchar(255) NOT NULL) 
  [1m[36m (117.4ms)[0m  [1mCREATE UNIQUE INDEX "unique_schema_migrations" ON "schema_migrations" ("version")[0m
  [1m[35m (0.1ms)[0m  SELECT "schema_migrations"."version" FROM "schema_migrations" 
Migrating to CreateProducts (20130502141738)
  [1m[36m (0.0ms)[0m  [1mbegin transaction[0m
  [1m[35m (0.7ms)[0m  CREATE TABLE "products" ("id" INTEGER PRIMARY KEY AUTOINCREMENT NOT NULL, "name" varchar(255), "price" decimal, "features" text, "created_at" datetime NOT NULL, "updated_at" datetime NOT NULL) 
  [1m[36m (0.1ms)[0m  [1mINSERT INTO "schema_migrations" ("version") VALUES ('20130502141738')[0m
  [1m[35m (120.9ms)[0m  commit transaction
  [1m[36m (0.1ms)[0m  [1mSELECT "schema_migrations"."version" FROM "schema_migrations" [0m
Connecting to database specified by database.yml
Connecting to database specified by database.yml


Started GET "/apis/wsdl" for 127.0.0.1 at 2013-05-02 17:35:30 +0300
Processing by ApisController#_generate_wsdl as */*
{"controller"=>"apis", "action"=>"_generate_wsdl"}
  Rendered /var/lib/gems/1.9.1/gems/wash_out-0.7.0/app/views/wash_with_soap/rpc/wsdl.builder (43.4ms)
Completed 200 OK in 84ms (Views: 83.0ms | ActiveRecord: 0.0ms)


Started POST "/apis/action" for 127.0.0.1 at 2013-05-02 17:35:31 +0300
Processing by ApisController#get_product as */*
  Parameters: {"Envelope"=>{"xmlns:xsd"=>"http://www.w3.org/2001/XMLSchema", "xmlns:xsi"=>"http://www.w3.org/2001/XMLSchema-instance", "xmlns:tns"=>"urn:WashOut", "xmlns:env"=>"http://schemas.xmlsoap.org/soap/envelope/", "Body"=>{"get_product"=>{"value"=>"1"}}}}
WARNING: Can't verify CSRF token authenticity
Completed 500 Internal Server Error in 15ms

LoadError (cannot load such file -- nokogiri):
  activesupport (3.2.13) lib/active_support/dependencies.rb:251:in `require'
  activesupport (3.2.13) lib/active_support/dependencies.rb:251:in `block in require'
  activesupport (3.2.13) lib/active_support/dependencies.rb:236:in `load_dependency'
  activesupport (3.2.13) lib/active_support/dependencies.rb:251:in `require'
  nori (2.0.4) lib/nori/parser/nokogiri.rb:1:in `<top (required)>'
  activesupport (3.2.13) lib/active_support/dependencies.rb:251:in `require'
  activesupport (3.2.13) lib/active_support/dependencies.rb:251:in `block in require'
  activesupport (3.2.13) lib/active_support/dependencies.rb:236:in `load_dependency'
  activesupport (3.2.13) lib/active_support/dependencies.rb:251:in `require'
  nori (2.0.4) lib/nori.rb:32:in `load_parser'
  nori (2.0.4) lib/nori.rb:25:in `parse'
  wash_out (0.7.0) lib/wash_out/dispatcher.rb:21:in `_parse_soap_parameters'
  activesupport (3.2.13) lib/active_support/callbacks.rb:418:in `_run__510577917913387982__process_action__4473053824381187735__callbacks'
  activesupport (3.2.13) lib/active_support/callbacks.rb:405:in `__run_callback'
  activesupport (3.2.13) lib/active_support/callbacks.rb:385:in `_run_process_action_callbacks'
  activesupport (3.2.13) lib/active_support/callbacks.rb:81:in `run_callbacks'
  actionpack (3.2.13) lib/abstract_controller/callbacks.rb:17:in `process_action'
  actionpack (3.2.13) lib/action_controller/metal/rescue.rb:29:in `process_action'
  actionpack (3.2.13) lib/action_controller/metal/instrumentation.rb:30:in `block in process_action'
  activesupport (3.2.13) lib/active_support/notifications.rb:123:in `block in instrument'
  activesupport (3.2.13) lib/active_support/notifications/instrumenter.rb:20:in `instrument'
  activesupport (3.2.13) lib/active_support/notifications.rb:123:in `instrument'
  actionpack (3.2.13) lib/action_controller/metal/instrumentation.rb:29:in `process_action'
  actionpack (3.2.13) lib/action_controller/metal/params_wrapper.rb:207:in `process_action'
  activerecord (3.2.13) lib/active_record/railties/controller_runtime.rb:18:in `process_action'
  actionpack (3.2.13) lib/abstract_controller/base.rb:121:in `process'
  actionpack (3.2.13) lib/abstract_controller/rendering.rb:45:in `process'
  actionpack (3.2.13) lib/action_controller/metal.rb:203:in `dispatch'
  actionpack (3.2.13) lib/action_controller/metal/rack_delegation.rb:14:in `dispatch'
  actionpack (3.2.13) lib/action_controller/metal.rb:246:in `block in action'
  wash_out (0.7.0) lib/wash_out/router.rb:29:in `call'
  wash_out (0.7.0) lib/wash_out/router.rb:29:in `call'
  journey (1.0.4) lib/journey/router.rb:68:in `block in call'
  journey (1.0.4) lib/journey/router.rb:56:in `each'
  journey (1.0.4) lib/journey/router.rb:56:in `call'
  actionpack (3.2.13) lib/action_dispatch/routing/route_set.rb:612:in `call'
  actionpack (3.2.13) lib/action_dispatch/middleware/best_standards_support.rb:17:in `call'
  rack (1.4.5) lib/rack/etag.rb:23:in `call'
  rack (1.4.5) lib/rack/conditionalget.rb:35:in `call'
  actionpack (3.2.13) lib/action_dispatch/middleware/head.rb:14:in `call'
  actionpack (3.2.13) lib/action_dispatch/middleware/params_parser.rb:21:in `call'
  actionpack (3.2.13) lib/action_dispatch/middleware/flash.rb:242:in `call'
  rack (1.4.5) lib/rack/session/abstract/id.rb:210:in `context'
  rack (1.4.5) lib/rack/session/abstract/id.rb:205:in `call'
  actionpack (3.2.13) lib/action_dispatch/middleware/cookies.rb:341:in `call'
  activerecord (3.2.13) lib/active_record/query_cache.rb:64:in `call'
  activerecord (3.2.13) lib/active_record/connection_adapters/abstract/connection_pool.rb:479:in `call'
  actionpack (3.2.13) lib/action_dispatch/middleware/callbacks.rb:28:in `block in call'
  activesupport (3.2.13) lib/active_support/callbacks.rb:405:in `_run__2109511547976808530__call__4318334461427813091__callbacks'
  activesupport (3.2.13) lib/active_support/callbacks.rb:405:in `__run_callback'
  activesupport (3.2.13) lib/active_support/callbacks.rb:385:in `_run_call_callbacks'
  activesupport (3.2.13) lib/active_support/callbacks.rb:81:in `run_callbacks'
  actionpack (3.2.13) lib/action_dispatch/middleware/callbacks.rb:27:in `call'
  actionpack (3.2.13) lib/action_dispatch/middleware/reloader.rb:65:in `call'
  actionpack (3.2.13) lib/action_dispatch/middleware/remote_ip.rb:31:in `call'
  actionpack (3.2.13) lib/action_dispatch/middleware/debug_exceptions.rb:16:in `call'
  actionpack (3.2.13) lib/action_dispatch/middleware/show_exceptions.rb:56:in `call'
  railties (3.2.13) lib/rails/rack/logger.rb:32:in `call_app'
  railties (3.2.13) lib/rails/rack/logger.rb:16:in `block in call'
  activesupport (3.2.13) lib/active_support/tagged_logging.rb:22:in `tagged'
  railties (3.2.13) lib/rails/rack/logger.rb:16:in `call'
  actionpack (3.2.13) lib/action_dispatch/middleware/request_id.rb:22:in `call'
  rack (1.4.5) lib/rack/methodoverride.rb:21:in `call'
  rack (1.4.5) lib/rack/runtime.rb:17:in `call'
  activesupport (3.2.13) lib/active_support/cache/strategy/local_cache.rb:72:in `call'
  rack (1.4.5) lib/rack/lock.rb:15:in `call'
  actionpack (3.2.13) lib/action_dispatch/middleware/static.rb:63:in `call'
  railties (3.2.13) lib/rails/engine.rb:479:in `call'
  railties (3.2.13) lib/rails/application.rb:223:in `call'
  rack (1.4.5) lib/rack/content_length.rb:14:in `call'
  railties (3.2.13) lib/rails/rack/log_tailer.rb:17:in `call'
  rack (1.4.5) lib/rack/handler/webrick.rb:59:in `service'
  /usr/lib/ruby/1.9.1/webrick/httpserver.rb:138:in `service'
  /usr/lib/ruby/1.9.1/webrick/httpserver.rb:94:in `run'
  /usr/lib/ruby/1.9.1/webrick/server.rb:191:in `block in start_thread'


  Rendered /var/lib/gems/1.9.1/gems/actionpack-3.2.13/lib/action_dispatch/middleware/templates/rescues/_trace.erb (1.9ms)
  Rendered /var/lib/gems/1.9.1/gems/actionpack-3.2.13/lib/action_dispatch/middleware/templates/rescues/_request_and_response.erb (1.4ms)
  Rendered /var/lib/gems/1.9.1/gems/actionpack-3.2.13/lib/action_dispatch/middleware/templates/rescues/diagnostics.erb within rescues/layout (15.5ms)
Connecting to database specified by database.yml


Started GET "/apis/wsdl" for 127.0.0.1 at 2013-05-02 17:38:33 +0300
Processing by ApisController#_generate_wsdl as */*
{"controller"=>"apis", "action"=>"_generate_wsdl"}
  Rendered /var/lib/gems/1.9.1/gems/wash_out-0.7.0/app/views/wash_with_soap/rpc/wsdl.builder (49.9ms)
Completed 200 OK in 98ms (Views: 97.0ms | ActiveRecord: 0.0ms)


Started POST "/apis/action" for 127.0.0.1 at 2013-05-02 17:38:33 +0300
Processing by ApisController#get_product as */*
  Parameters: {"Envelope"=>{"xmlns:xsd"=>"http://www.w3.org/2001/XMLSchema", "xmlns:xsi"=>"http://www.w3.org/2001/XMLSchema-instance", "xmlns:tns"=>"urn:WashOut", "xmlns:env"=>"http://schemas.xmlsoap.org/soap/envelope/", "Body"=>{"get_product"=>{"value"=>"1"}}}}
WARNING: Can't verify CSRF token authenticity
{"value"=>1}
  [1m[36mProduct Load (5.5ms)[0m  [1mSELECT "products".* FROM "products" WHERE "products"."id" = ? LIMIT 1[0m  [["id", 1]]
  Rendered /var/lib/gems/1.9.1/gems/wash_out-0.7.0/app/views/wash_with_soap/rpc/response.builder (1.0ms)
Completed 200 OK in 146ms (Views: 61.3ms | ActiveRecord: 7.8ms)


Started GET "/apis/wsdl" for 127.0.0.1 at 2013-05-02 17:43:06 +0300
Processing by ApisController#_generate_wsdl as */*
{"controller"=>"apis", "action"=>"_generate_wsdl"}
  Rendered /var/lib/gems/1.9.1/gems/wash_out-0.7.0/app/views/wash_with_soap/rpc/wsdl.builder (3.3ms)
Completed 200 OK in 8ms (Views: 8.1ms | ActiveRecord: 0.0ms)


Started POST "/apis/action" for 127.0.0.1 at 2013-05-02 17:43:06 +0300
Processing by ApisController#get_product as */*
  Parameters: {"Envelope"=>{"xmlns:xsd"=>"http://www.w3.org/2001/XMLSchema", "xmlns:xsi"=>"http://www.w3.org/2001/XMLSchema-instance", "xmlns:tns"=>"urn:WashOut", "xmlns:env"=>"http://schemas.xmlsoap.org/soap/envelope/", "Body"=>{"get_product"=>{"value"=>"1"}}}}
WARNING: Can't verify CSRF token authenticity
{"value"=>1}
  [1m[35mProduct Load (0.2ms)[0m  SELECT "products".* FROM "products" WHERE "products"."id" = ? LIMIT 1  [["id", 1]]
  Rendered /var/lib/gems/1.9.1/gems/wash_out-0.7.0/app/views/wash_with_soap/rpc/response.builder (0.6ms)
Completed 200 OK in 9ms (Views: 5.3ms | ActiveRecord: 0.2ms)


Started GET "/apis/wsdl" for 127.0.0.1 at 2013-05-02 17:43:47 +0300
Processing by ApisController#_generate_wsdl as */*
{"controller"=>"apis", "action"=>"_generate_wsdl"}
  Rendered /var/lib/gems/1.9.1/gems/wash_out-0.7.0/app/views/wash_with_soap/rpc/wsdl.builder (3.1ms)
Completed 200 OK in 8ms (Views: 7.5ms | ActiveRecord: 0.0ms)


Started POST "/apis/action" for 127.0.0.1 at 2013-05-02 17:43:47 +0300
Processing by ApisController#get_product as */*
  Parameters: {"Envelope"=>{"xmlns:xsd"=>"http://www.w3.org/2001/XMLSchema", "xmlns:xsi"=>"http://www.w3.org/2001/XMLSchema-instance", "xmlns:tns"=>"urn:WashOut", "xmlns:env"=>"http://schemas.xmlsoap.org/soap/envelope/", "Body"=>{"get_product"=>{"value"=>"1"}}}}
WARNING: Can't verify CSRF token authenticity
{"value"=>1}
  [1m[36mProduct Load (0.2ms)[0m  [1mSELECT "products".* FROM "products" WHERE "products"."id" = ? LIMIT 1[0m  [["id", 1]]
  Rendered /var/lib/gems/1.9.1/gems/wash_out-0.7.0/app/views/wash_with_soap/rpc/response.builder (0.7ms)
Completed 200 OK in 9ms (Views: 5.6ms | ActiveRecord: 0.2ms)


Started GET "/apis/wsdl" for 127.0.0.1 at 2013-05-02 17:44:54 +0300
Processing by ApisController#_generate_wsdl as */*
{"controller"=>"apis", "action"=>"_generate_wsdl"}
  Rendered /var/lib/gems/1.9.1/gems/wash_out-0.7.0/app/views/wash_with_soap/rpc/wsdl.builder (2.8ms)
Completed 200 OK in 8ms (Views: 7.3ms | ActiveRecord: 0.0ms)


Started POST "/apis/action" for 127.0.0.1 at 2013-05-02 17:44:54 +0300
Processing by ApisController#get_product as */*
  Parameters: {"Envelope"=>{"xmlns:xsd"=>"http://www.w3.org/2001/XMLSchema", "xmlns:xsi"=>"http://www.w3.org/2001/XMLSchema-instance", "xmlns:tns"=>"urn:WashOut", "xmlns:env"=>"http://schemas.xmlsoap.org/soap/envelope/", "Body"=>{"get_product"=>{"id"=>"1"}}}}
WARNING: Can't verify CSRF token authenticity
{}
Completed 404 Not Found in 8ms

ActiveRecord::RecordNotFound (Couldn't find Product without an ID):
  app/controllers/apis_controller.rb:9:in `get_product'


  Rendered /var/lib/gems/1.9.1/gems/actionpack-3.2.13/lib/action_dispatch/middleware/templates/rescues/_trace.erb (1.4ms)
  Rendered /var/lib/gems/1.9.1/gems/actionpack-3.2.13/lib/action_dispatch/middleware/templates/rescues/_request_and_response.erb (1.2ms)
  Rendered /var/lib/gems/1.9.1/gems/actionpack-3.2.13/lib/action_dispatch/middleware/templates/rescues/diagnostics.erb within rescues/layout (11.5ms)
Connecting to database specified by database.yml


Started GET "/apis/wsdl" for 127.0.0.1 at 2013-05-02 17:45:08 +0300
Processing by ApisController#_generate_wsdl as */*
{"controller"=>"apis", "action"=>"_generate_wsdl"}
  Rendered /var/lib/gems/1.9.1/gems/wash_out-0.7.0/app/views/wash_with_soap/rpc/wsdl.builder (46.1ms)
Completed 200 OK in 94ms (Views: 93.0ms | ActiveRecord: 0.0ms)


Started POST "/apis/action" for 127.0.0.1 at 2013-05-02 17:45:08 +0300
Processing by ApisController#get_product as */*
  Parameters: {"Envelope"=>{"xmlns:xsd"=>"http://www.w3.org/2001/XMLSchema", "xmlns:xsi"=>"http://www.w3.org/2001/XMLSchema-instance", "xmlns:tns"=>"urn:WashOut", "xmlns:env"=>"http://schemas.xmlsoap.org/soap/envelope/", "Body"=>{"get_product"=>{"id"=>"1"}}}}
WARNING: Can't verify CSRF token authenticity
{}
Completed 404 Not Found in 65ms

ActiveRecord::RecordNotFound (Couldn't find Product without an ID):
  app/controllers/apis_controller.rb:9:in `get_product'


  Rendered /var/lib/gems/1.9.1/gems/actionpack-3.2.13/lib/action_dispatch/middleware/templates/rescues/_trace.erb (1.5ms)
  Rendered /var/lib/gems/1.9.1/gems/actionpack-3.2.13/lib/action_dispatch/middleware/templates/rescues/_request_and_response.erb (1.4ms)
  Rendered /var/lib/gems/1.9.1/gems/actionpack-3.2.13/lib/action_dispatch/middleware/templates/rescues/diagnostics.erb within rescues/layout (12.6ms)


Started GET "/apis/wsdl" for 127.0.0.1 at 2013-05-02 17:46:30 +0300
Processing by ApisController#_generate_wsdl as */*
{"controller"=>"apis", "action"=>"_generate_wsdl"}
  Rendered /var/lib/gems/1.9.1/gems/wash_out-0.7.0/app/views/wash_with_soap/rpc/wsdl.builder (2.9ms)
Completed 200 OK in 8ms (Views: 7.6ms | ActiveRecord: 0.0ms)


Started POST "/apis/action" for 127.0.0.1 at 2013-05-02 17:46:30 +0300
Processing by ApisController#get_product as */*
  Parameters: {"Envelope"=>{"xmlns:xsd"=>"http://www.w3.org/2001/XMLSchema", "xmlns:xsi"=>"http://www.w3.org/2001/XMLSchema-instance", "xmlns:tns"=>"urn:WashOut", "xmlns:env"=>"http://schemas.xmlsoap.org/soap/envelope/", "Body"=>{"get_product"=>{"id"=>"1"}}}}
WARNING: Can't verify CSRF token authenticity
{"id"=>1}
  [1m[36mProduct Load (3.9ms)[0m  [1mSELECT "products".* FROM "products" WHERE "products"."id" = ? LIMIT 1[0m  [["id", 1]]
  Rendered /var/lib/gems/1.9.1/gems/wash_out-0.7.0/app/views/wash_with_soap/rpc/response.builder (0.9ms)
Completed 200 OK in 35ms (Views: 6.0ms | ActiveRecord: 6.7ms)


Started GET "/apis/wsdl" for 127.0.0.1 at 2013-05-02 17:47:54 +0300
Processing by ApisController#_generate_wsdl as */*
{"controller"=>"apis", "action"=>"_generate_wsdl"}
  Rendered /var/lib/gems/1.9.1/gems/wash_out-0.7.0/app/views/wash_with_soap/rpc/wsdl.builder (3.5ms)
Completed 200 OK in 8ms (Views: 7.8ms | ActiveRecord: 0.0ms)


Started POST "/apis/action" for 127.0.0.1 at 2013-05-02 17:47:54 +0300
Processing by ApisController#get_product as */*
  Parameters: {"Envelope"=>{"xmlns:xsd"=>"http://www.w3.org/2001/XMLSchema", "xmlns:xsi"=>"http://www.w3.org/2001/XMLSchema-instance", "xmlns:tns"=>"urn:WashOut", "xmlns:env"=>"http://schemas.xmlsoap.org/soap/envelope/", "Body"=>{"get_product"=>{"id"=>"1"}}}}
WARNING: Can't verify CSRF token authenticity
{"id"=>1}
  [1m[35mProduct Load (0.2ms)[0m  SELECT "products".* FROM "products" WHERE "products"."id" = ? LIMIT 1  [["id", 1]]
  Rendered /var/lib/gems/1.9.1/gems/wash_out-0.7.0/app/views/wash_with_soap/rpc/response.builder (0.5ms)
Completed 200 OK in 9ms (Views: 4.9ms | ActiveRecord: 0.2ms)


Started GET "/apis/wsdl" for 127.0.0.1 at 2013-05-02 17:49:53 +0300
Processing by ApisController#_generate_wsdl as */*
{"controller"=>"apis", "action"=>"_generate_wsdl"}
  Rendered /var/lib/gems/1.9.1/gems/wash_out-0.7.0/app/views/wash_with_soap/rpc/wsdl.builder (3.1ms)
Completed 200 OK in 8ms (Views: 7.9ms | ActiveRecord: 0.0ms)


Started POST "/apis/action" for 127.0.0.1 at 2013-05-02 17:49:53 +0300
Processing by ApisController#get_product as */*
  Parameters: {"Envelope"=>{"xmlns:xsd"=>"http://www.w3.org/2001/XMLSchema", "xmlns:xsi"=>"http://www.w3.org/2001/XMLSchema-instance", "xmlns:tns"=>"urn:WashOut", "xmlns:env"=>"http://schemas.xmlsoap.org/soap/envelope/", "Body"=>{"get_product"=>{"id"=>"1"}}}}
WARNING: Can't verify CSRF token authenticity
{"id"=>1}
  [1m[36mProduct Load (0.2ms)[0m  [1mSELECT "products".* FROM "products" WHERE "products"."id" = ? LIMIT 1[0m  [["id", 1]]
  Rendered /var/lib/gems/1.9.1/gems/wash_out-0.7.0/app/views/wash_with_soap/rpc/response.builder (0.6ms)
Completed 200 OK in 65ms (Views: 5.3ms | ActiveRecord: 0.7ms)


Started GET "/apis/wsdl" for 127.0.0.1 at 2013-05-02 17:50:52 +0300
Processing by ApisController#_generate_wsdl as */*
{"controller"=>"apis", "action"=>"_generate_wsdl"}
  Rendered /var/lib/gems/1.9.1/gems/wash_out-0.7.0/app/views/wash_with_soap/rpc/wsdl.builder (3.0ms)
Completed 200 OK in 8ms (Views: 7.8ms | ActiveRecord: 0.0ms)


Started POST "/apis/action" for 127.0.0.1 at 2013-05-02 17:50:52 +0300
Processing by ApisController#get_product as */*
  Parameters: {"Envelope"=>{"xmlns:xsd"=>"http://www.w3.org/2001/XMLSchema", "xmlns:xsi"=>"http://www.w3.org/2001/XMLSchema-instance", "xmlns:tns"=>"urn:WashOut", "xmlns:env"=>"http://schemas.xmlsoap.org/soap/envelope/", "Body"=>{"get_product"=>{"id"=>"1"}}}}
WARNING: Can't verify CSRF token authenticity
{"id"=>1}
  [1m[35mProduct Load (0.2ms)[0m  SELECT "products".* FROM "products" WHERE "products"."id" = ? LIMIT 1  [["id", 1]]
  Rendered /var/lib/gems/1.9.1/gems/wash_out-0.7.0/app/views/wash_with_soap/rpc/response.builder (0.7ms)
Completed 200 OK in 21ms (Views: 5.4ms | ActiveRecord: 0.7ms)


Started GET "/apis/wsdl" for 127.0.0.1 at 2013-05-02 19:47:34 +0300
Processing by ApisController#_generate_wsdl as */*
{"controller"=>"apis", "action"=>"_generate_wsdl"}
  Rendered /var/lib/gems/1.9.1/gems/wash_out-0.7.0/app/views/wash_with_soap/rpc/wsdl.builder (3.3ms)
Completed 200 OK in 8ms (Views: 7.8ms | ActiveRecord: 0.0ms)


Started POST "/apis/action" for 127.0.0.1 at 2013-05-02 19:47:34 +0300
Processing by ApisController#get_product as */*
  Parameters: {"Envelope"=>{"xmlns:xsd"=>"http://www.w3.org/2001/XMLSchema", "xmlns:xsi"=>"http://www.w3.org/2001/XMLSchema-instance", "xmlns:tns"=>"urn:WashOut", "xmlns:env"=>"http://schemas.xmlsoap.org/soap/envelope/", "Body"=>{"get_product"=>{"id"=>"1"}}}}
WARNING: Can't verify CSRF token authenticity
{"id"=>1}
  [1m[36mProduct Load (0.1ms)[0m  [1mSELECT "products".* FROM "products" WHERE "products"."id" = ? LIMIT 1[0m  [["id", 1]]
  Rendered /var/lib/gems/1.9.1/gems/wash_out-0.7.0/app/views/wash_with_soap/rpc/response.builder (0.7ms)
Completed 200 OK in 50ms (Views: 5.2ms | ActiveRecord: 0.1ms)
